<?xml version="1.0" encoding="UTF-8"?>
<coverage generated="1570829174">
  <project timestamp="1570829174">
    <package name="SiteApi\Application\Article">
      <file name="/var/www/src/Application/Article/AddArticleCommand.php">
        <class name="SiteApi\Application\Article\AddArticleCommand" namespace="SiteApi\Application\Article">
          <metrics complexity="5" methods="5" coveredmethods="5" conditionals="0" coveredconditionals="0" statements="9" coveredstatements="9" elements="14" coveredelements="14"/>
        </class>
        <line num="28" type="method" name="__construct" visibility="public" complexity="1" crap="1" count="3"/>
        <line num="30" type="stmt" count="3"/>
        <line num="31" type="stmt" count="3"/>
        <line num="32" type="stmt" count="3"/>
        <line num="33" type="stmt" count="3"/>
        <line num="34" type="stmt" count="3"/>
        <line num="39" type="method" name="getId" visibility="public" complexity="1" crap="1" count="1"/>
        <line num="41" type="stmt" count="1"/>
        <line num="47" type="method" name="getTitle" visibility="public" complexity="1" crap="1" count="2"/>
        <line num="49" type="stmt" count="2"/>
        <line num="55" type="method" name="getText" visibility="public" complexity="1" crap="1" count="1"/>
        <line num="57" type="stmt" count="1"/>
        <line num="63" type="method" name="getAuthor" visibility="public" complexity="1" crap="1" count="1"/>
        <line num="65" type="stmt" count="1"/>
        <metrics loc="67" ncloc="45" classes="1" methods="5" coveredmethods="5" conditionals="0" coveredconditionals="0" statements="9" coveredstatements="9" elements="14" coveredelements="14"/>
      </file>
      <file name="/var/www/src/Application/Article/AddTagsToArticleCommand.php">
        <class name="SiteApi\Application\Article\AddTagsToArticleCommand" namespace="SiteApi\Application\Article">
          <metrics complexity="3" methods="3" coveredmethods="3" conditionals="0" coveredconditionals="0" statements="5" coveredstatements="5" elements="8" coveredelements="8"/>
        </class>
        <line num="20" type="method" name="__construct" visibility="public" complexity="1" crap="1" count="1"/>
        <line num="22" type="stmt" count="1"/>
        <line num="23" type="stmt" count="1"/>
        <line num="24" type="stmt" count="1"/>
        <line num="29" type="method" name="getArticleId" visibility="public" complexity="1" crap="1" count="1"/>
        <line num="31" type="stmt" count="1"/>
        <line num="37" type="method" name="getTagIds" visibility="public" complexity="1" crap="1" count="1"/>
        <line num="39" type="stmt" count="1"/>
        <metrics loc="41" ncloc="29" classes="1" methods="3" coveredmethods="3" conditionals="0" coveredconditionals="0" statements="5" coveredstatements="5" elements="8" coveredelements="8"/>
      </file>
      <file name="/var/www/src/Application/Article/ArticleCommandHandler.php">
        <class name="SiteApi\Application\Article\ArticleCommandHandler" namespace="SiteApi\Application\Article">
          <metrics complexity="7" methods="4" coveredmethods="3" conditionals="0" coveredconditionals="0" statements="25" coveredstatements="24" elements="29" coveredelements="27"/>
        </class>
        <line num="23" type="method" name="__construct" visibility="public" complexity="1" crap="1" count="4"/>
        <line num="25" type="stmt" count="4"/>
        <line num="26" type="stmt" count="4"/>
        <line num="31" type="method" name="handlesCommand" visibility="public" complexity="1" crap="1" count="1"/>
        <line num="34" type="stmt" count="1"/>
        <line num="45" type="method" name="handleAddArticleCommand" visibility="public" complexity="3" crap="3.00" count="2"/>
        <line num="47" type="stmt" count="2"/>
        <line num="48" type="stmt" count="2"/>
        <line num="50" type="stmt" count="2"/>
        <line num="51" type="stmt" count="1"/>
        <line num="52" type="stmt" count="1"/>
        <line num="57" type="stmt" count="1"/>
        <line num="58" type="stmt" count="1"/>
        <line num="61" type="stmt" count="1"/>
        <line num="62" type="stmt" count="1"/>
        <line num="63" type="stmt" count="1"/>
        <line num="64" type="stmt" count="1"/>
        <line num="65" type="stmt" count="1"/>
        <line num="67" type="stmt" count="0"/>
        <line num="70" type="stmt" count="1"/>
        <line num="77" type="method" name="handleAddTagsToArticleCommand" visibility="public" complexity="2" crap="2" count="1"/>
        <line num="79" type="stmt" count="1"/>
        <line num="81" type="stmt" count="1"/>
        <line num="82" type="stmt" count="1"/>
        <line num="86" type="stmt" count="1"/>
        <line num="87" type="stmt" count="1"/>
        <line num="88" type="stmt" count="1"/>
        <line num="92" type="stmt" count="1"/>
        <line num="93" type="stmt" count="1"/>
        <metrics loc="94" ncloc="72" classes="1" methods="4" coveredmethods="3" conditionals="0" coveredconditionals="0" statements="25" coveredstatements="24" elements="29" coveredelements="27"/>
      </file>
    </package>
    <package name="SiteApi\Application\CommandBus">
      <file name="/var/www/src/Application/CommandBus/Command.php">
        <class name="SiteApi\Application\CommandBus\Command" namespace="SiteApi\Application\CommandBus">
          <metrics complexity="0" methods="0" coveredmethods="0" conditionals="0" coveredconditionals="0" statements="0" coveredstatements="0" elements="0" coveredelements="0"/>
        </class>
        <metrics loc="9" ncloc="9" classes="0" methods="0" coveredmethods="0" conditionals="0" coveredconditionals="0" statements="0" coveredstatements="0" elements="0" coveredelements="0"/>
      </file>
    </package>
    <file name="/var/www/src/Application/CommandBus/CommandBusInterface.php">
      <metrics loc="14" ncloc="9" classes="0" methods="0" coveredmethods="0" conditionals="0" coveredconditionals="0" statements="0" coveredstatements="0" elements="0" coveredelements="0"/>
    </file>
    <file name="/var/www/src/Application/CommandBus/CommandHandlerInterface.php">
      <metrics loc="12" ncloc="9" classes="0" methods="0" coveredmethods="0" conditionals="0" coveredconditionals="0" statements="0" coveredstatements="0" elements="0" coveredelements="0"/>
    </file>
    <file name="/var/www/src/Core/IdentityInterface.php">
      <metrics loc="27" ncloc="13" classes="0" methods="0" coveredmethods="0" conditionals="0" coveredconditionals="0" statements="0" coveredstatements="0" elements="0" coveredelements="0"/>
    </file>
    <package name="SiteApi\Core">
      <file name="/var/www/src/Core/InvalidIdentityException.php">
        <class name="SiteApi\Core\InvalidIdentityException" namespace="SiteApi\Core">
          <metrics complexity="1" methods="0" coveredmethods="0" conditionals="0" coveredconditionals="0" statements="0" coveredstatements="0" elements="0" coveredelements="0"/>
        </class>
        <metrics loc="22" ncloc="14" classes="0" methods="0" coveredmethods="0" conditionals="0" coveredconditionals="0" statements="0" coveredstatements="0" elements="0" coveredelements="0"/>
      </file>
      <file name="/var/www/src/Core/UUID.php">
        <class name="SiteApi\Core\UUID" namespace="SiteApi\Core">
          <metrics complexity="8" methods="6" coveredmethods="6" conditionals="0" coveredconditionals="0" statements="9" coveredstatements="9" elements="15" coveredelements="15"/>
        </class>
        <line num="22" type="method" name="__construct" visibility="public" complexity="2" crap="2" count="5"/>
        <line num="24" type="stmt" count="5"/>
        <line num="25" type="stmt" count="1"/>
        <line num="28" type="stmt" count="4"/>
        <line num="29" type="stmt" count="4"/>
        <line num="34" type="method" name="__toString" visibility="public" complexity="1" crap="1" count="3"/>
        <line num="36" type="stmt" count="3"/>
        <line num="51" type="method" name="equals" visibility="public" complexity="1" crap="1" count="2"/>
        <line num="53" type="stmt" count="2"/>
        <line num="62" type="method" name="fromString" visibility="public" complexity="1" crap="1" count="4"/>
        <line num="64" type="stmt" count="4"/>
        <line num="71" type="method" name="create" visibility="public" complexity="1" crap="1" count="1"/>
        <line num="73" type="stmt" count="1"/>
        <line num="81" type="method" name="isValid" visibility="private" complexity="1" crap="1" count="5"/>
        <line num="83" type="stmt" count="5"/>
        <metrics loc="85" ncloc="53" classes="1" methods="6" coveredmethods="6" conditionals="0" coveredconditionals="0" statements="9" coveredstatements="9" elements="15" coveredelements="15"/>
      </file>
    </package>
    <package name="SiteApi\Domain">
      <file name="/var/www/src/Domain/AggregateRoot.php">
        <class name="SiteApi\Domain\AggregateRoot" namespace="SiteApi\Domain">
          <metrics complexity="2" methods="2" coveredmethods="0" conditionals="0" coveredconditionals="0" statements="6" coveredstatements="0" elements="8" coveredelements="0"/>
        </class>
        <line num="14" type="method" name="__construct" visibility="public" complexity="1" crap="2.00" count="0"/>
        <line num="15" type="stmt" count="0"/>
        <line num="16" type="stmt" count="0"/>
        <line num="17" type="stmt" count="0"/>
        <line num="22" type="method" name="getId" visibility="public" complexity="1" crap="2.00" count="0"/>
        <line num="23" type="stmt" count="0"/>
        <line num="24" type="stmt" count="0"/>
        <line num="25" type="stmt" count="0"/>
        <metrics loc="26" ncloc="19" classes="1" methods="2" coveredmethods="0" conditionals="0" coveredconditionals="0" statements="6" coveredstatements="0" elements="8" coveredelements="0"/>
      </file>
    </package>
    <package name="SiteApi\Domain\Article">
      <file name="/var/www/src/Domain/Article/Article.php">
        <class name="SiteApi\Domain\Article\Article" namespace="SiteApi\Domain\Article">
          <metrics complexity="5" methods="5" coveredmethods="5" conditionals="0" coveredconditionals="0" statements="9" coveredstatements="9" elements="14" coveredelements="14"/>
        </class>
        <line num="28" type="method" name="__construct" visibility="public" complexity="1" crap="1" count="1"/>
        <line num="34" type="stmt" count="1"/>
        <line num="35" type="stmt" count="1"/>
        <line num="36" type="stmt" count="1"/>
        <line num="37" type="stmt" count="1"/>
        <line num="38" type="stmt" count="1"/>
        <line num="43" type="method" name="getTitle" visibility="public" complexity="1" crap="1" count="1"/>
        <line num="45" type="stmt" count="1"/>
        <line num="51" type="method" name="getText" visibility="public" complexity="1" crap="1" count="1"/>
        <line num="53" type="stmt" count="1"/>
        <line num="59" type="method" name="getAuthor" visibility="public" complexity="1" crap="1" count="1"/>
        <line num="61" type="stmt" count="1"/>
        <line num="67" type="method" name="getTags" visibility="public" complexity="1" crap="1" count="1"/>
        <line num="69" type="stmt" count="1"/>
        <metrics loc="71" ncloc="49" classes="1" methods="5" coveredmethods="5" conditionals="0" coveredconditionals="0" statements="9" coveredstatements="9" elements="14" coveredelements="14"/>
      </file>
      <file name="/var/www/src/Domain/Article/ArticleAlreadyExistsException.php">
        <class name="SiteApi\Domain\Article\ArticleAlreadyExistsException" namespace="SiteApi\Domain\Article">
          <metrics complexity="1" methods="1" coveredmethods="1" conditionals="0" coveredconditionals="0" statements="1" coveredstatements="1" elements="2" coveredelements="2"/>
        </class>
        <line num="18" type="method" name="causedBy" visibility="public" complexity="1" crap="1" count="1"/>
        <line num="20" type="stmt" count="1"/>
        <metrics loc="23" ncloc="16" classes="1" methods="1" coveredmethods="1" conditionals="0" coveredconditionals="0" statements="1" coveredstatements="1" elements="2" coveredelements="2"/>
      </file>
    </package>
    <package name="SiteApi\Domain\Tags">
      <file name="/var/www/src/Domain/Tags/Tag.php">
        <class name="SiteApi\Domain\Tags\Tag" namespace="SiteApi\Domain\Tags">
          <metrics complexity="2" methods="2" coveredmethods="2" conditionals="0" coveredconditionals="0" statements="3" coveredstatements="3" elements="5" coveredelements="5"/>
        </class>
        <line num="14" type="method" name="__construct" visibility="public" complexity="1" crap="1" count="1"/>
        <line num="16" type="stmt" count="1"/>
        <line num="17" type="stmt" count="1"/>
        <line num="22" type="method" name="getName" visibility="public" complexity="1" crap="1" count="1"/>
        <line num="24" type="stmt" count="1"/>
        <metrics loc="26" ncloc="19" classes="1" methods="2" coveredmethods="2" conditionals="0" coveredconditionals="0" statements="3" coveredstatements="3" elements="5" coveredelements="5"/>
      </file>
    </package>
    <package name="SiteApi">
      <file name="/var/www/src/Email.php">
        <class name="SiteApi\Email" namespace="SiteApi">
          <metrics complexity="5" methods="4" coveredmethods="4" conditionals="0" coveredconditionals="0" statements="11" coveredstatements="11" elements="15" coveredelements="15"/>
        </class>
        <line num="12" type="method" name="__construct" visibility="private" complexity="1" crap="1" count="3"/>
        <line num="14" type="stmt" count="3"/>
        <line num="16" type="stmt" count="2"/>
        <line num="17" type="stmt" count="2"/>
        <line num="19" type="method" name="fromString" visibility="public" complexity="1" crap="1" count="3"/>
        <line num="21" type="stmt" count="3"/>
        <line num="24" type="method" name="__toString" visibility="public" complexity="1" crap="1" count="1"/>
        <line num="26" type="stmt" count="1"/>
        <line num="29" type="method" name="ensureIsValidEmail" visibility="private" complexity="2" crap="2" count="3"/>
        <line num="31" type="stmt" count="3"/>
        <line num="32" type="stmt" count="1"/>
        <line num="33" type="stmt" count="1"/>
        <line num="34" type="stmt" count="1"/>
        <line num="35" type="stmt" count="1"/>
        <line num="39" type="stmt" count="2"/>
        <metrics loc="40" ncloc="40" classes="1" methods="4" coveredmethods="4" conditionals="0" coveredconditionals="0" statements="11" coveredstatements="11" elements="15" coveredelements="15"/>
      </file>
    </package>
    <package name="SiteApi\Infrastructure\Article">
      <file name="/var/www/src/Infrastructure/Article/ArticleServiceProvider.php">
        <class name="SiteApi\Infrastructure\Article\ArticleServiceProvider" namespace="SiteApi\Infrastructure\Article">
          <metrics complexity="1" methods="0" coveredmethods="0" conditionals="0" coveredconditionals="0" statements="0" coveredstatements="0" elements="0" coveredelements="0"/>
        </class>
        <metrics loc="35" ncloc="27" classes="0" methods="0" coveredmethods="0" conditionals="0" coveredconditionals="0" statements="0" coveredstatements="0" elements="0" coveredelements="0"/>
      </file>
    </package>
    <package name="SiteApi\Infrastructure\CommandBus">
      <file name="/var/www/src/Infrastructure/CommandBus/CommandBusServiceProvider.php">
        <class name="SiteApi\Infrastructure\CommandBus\CommandBusServiceProvider" namespace="SiteApi\Infrastructure\CommandBus">
          <metrics complexity="5" methods="0" coveredmethods="0" conditionals="0" coveredconditionals="0" statements="0" coveredstatements="0" elements="0" coveredelements="0"/>
        </class>
        <metrics loc="75" ncloc="60" classes="0" methods="0" coveredmethods="0" conditionals="0" coveredconditionals="0" statements="0" coveredstatements="0" elements="0" coveredelements="0"/>
      </file>
      <file name="/var/www/src/Infrastructure/CommandBus/ContainerLocator.php">
        <class name="SiteApi\Infrastructure\CommandBus\ContainerLocator" namespace="SiteApi\Infrastructure\CommandBus">
          <metrics complexity="3" methods="2" coveredmethods="2" conditionals="0" coveredconditionals="0" statements="8" coveredstatements="8" elements="10" coveredelements="10"/>
        </class>
        <line num="22" type="method" name="__construct" visibility="public" complexity="1" crap="1" count="2"/>
        <line num="24" type="stmt" count="2"/>
        <line num="25" type="stmt" count="2"/>
        <line num="26" type="stmt" count="2"/>
        <line num="33" type="method" name="getHandlerForCommand" visibility="public" complexity="2" crap="2" count="2"/>
        <line num="35" type="stmt" count="2"/>
        <line num="36" type="stmt" count="1"/>
        <line num="39" type="stmt" count="1"/>
        <line num="40" type="stmt" count="1"/>
        <line num="43" type="stmt" count="1"/>
        <metrics loc="45" ncloc="34" classes="1" methods="2" coveredmethods="2" conditionals="0" coveredconditionals="0" statements="8" coveredstatements="8" elements="10" coveredelements="10"/>
      </file>
      <file name="/var/www/src/Infrastructure/CommandBus/LoggingMiddleware.php">
        <class name="SiteApi\Infrastructure\CommandBus\LoggingMiddleware" namespace="SiteApi\Infrastructure\CommandBus">
          <metrics complexity="2" methods="2" coveredmethods="2" conditionals="0" coveredconditionals="0" statements="7" coveredstatements="7" elements="9" coveredelements="9"/>
        </class>
        <line num="13" type="method" name="__construct" visibility="public" complexity="1" crap="1" count="1"/>
        <line num="15" type="stmt" count="1"/>
        <line num="16" type="stmt" count="1"/>
        <line num="18" type="method" name="execute" visibility="public" complexity="1" crap="1" count="1"/>
        <line num="20" type="stmt" count="1"/>
        <line num="22" type="stmt" count="1"/>
        <line num="23" type="stmt" count="1"/>
        <line num="24" type="stmt" count="1"/>
        <line num="26" type="stmt" count="1"/>
        <metrics loc="28" ncloc="28" classes="1" methods="2" coveredmethods="2" conditionals="0" coveredconditionals="0" statements="7" coveredstatements="7" elements="9" coveredelements="9"/>
      </file>
    </package>
    <package name="SiteApi\Infrastructure\Configuration">
      <file name="/var/www/src/Infrastructure/Configuration/ConfigurationAdapter.php">
        <class name="SiteApi\Infrastructure\Configuration\ConfigurationAdapter" namespace="SiteApi\Infrastructure\Configuration">
          <metrics complexity="3" methods="0" coveredmethods="0" conditionals="0" coveredconditionals="0" statements="0" coveredstatements="0" elements="0" coveredelements="0"/>
        </class>
        <metrics loc="44" ncloc="26" classes="0" methods="0" coveredmethods="0" conditionals="0" coveredconditionals="0" statements="0" coveredstatements="0" elements="0" coveredelements="0"/>
      </file>
      <file name="/var/www/src/Infrastructure/Configuration/ConfigurationServiceProvider.php">
        <class name="SiteApi\Infrastructure\Configuration\ConfigurationServiceProvider" namespace="SiteApi\Infrastructure\Configuration">
          <metrics complexity="1" methods="0" coveredmethods="0" conditionals="0" coveredconditionals="0" statements="0" coveredstatements="0" elements="0" coveredelements="0"/>
        </class>
        <metrics loc="37" ncloc="28" classes="0" methods="0" coveredmethods="0" conditionals="0" coveredconditionals="0" statements="0" coveredstatements="0" elements="0" coveredelements="0"/>
      </file>
    </package>
    <file name="/var/www/src/Infrastructure/Configuration/ConfigurationInterface.php">
      <metrics loc="22" ncloc="11" classes="0" methods="0" coveredmethods="0" conditionals="0" coveredconditionals="0" statements="0" coveredstatements="0" elements="0" coveredelements="0"/>
    </file>
    <package name="SiteApi\Infrastructure">
      <file name="/var/www/src/Infrastructure/ContainerFactory.php">
        <class name="SiteApi\Infrastructure\ContainerFactory" namespace="SiteApi\Infrastructure">
          <metrics complexity="1" methods="0" coveredmethods="0" conditionals="0" coveredconditionals="0" statements="0" coveredstatements="0" elements="0" coveredelements="0"/>
        </class>
        <metrics loc="39" ncloc="33" classes="0" methods="0" coveredmethods="0" conditionals="0" coveredconditionals="0" statements="0" coveredstatements="0" elements="0" coveredelements="0"/>
      </file>
      <file name="/var/www/src/Infrastructure/SlimServiceProvider.php">
        <class name="SiteApi\Infrastructure\SlimServiceProvider" namespace="SiteApi\Infrastructure">
          <metrics complexity="2" methods="0" coveredmethods="0" conditionals="0" coveredconditionals="0" statements="0" coveredstatements="0" elements="0" coveredelements="0"/>
        </class>
        <metrics loc="54" ncloc="46" classes="0" methods="0" coveredmethods="0" conditionals="0" coveredconditionals="0" statements="0" coveredstatements="0" elements="0" coveredelements="0"/>
      </file>
    </package>
    <package name="SiteApi\Infrastructure\ErrorHandling">
      <file name="/var/www/src/Infrastructure/ErrorHandling/ErrorHandlingFactory.php">
        <class name="SiteApi\Infrastructure\ErrorHandling\ErrorHandlingFactory" namespace="SiteApi\Infrastructure\ErrorHandling">
          <metrics complexity="5" methods="4" coveredmethods="3" conditionals="0" coveredconditionals="0" statements="30" coveredstatements="29" elements="34" coveredelements="32"/>
        </class>
        <line num="20" type="method" name="__construct" visibility="public" complexity="1" crap="1" count="3"/>
        <line num="22" type="stmt" count="3"/>
        <line num="24" type="stmt" count="3"/>
        <line num="25" type="stmt" count="3"/>
        <line num="26" type="stmt" count="3"/>
        <line num="31" type="method" name="createBasicExceptionErrorHandler" visibility="public" complexity="1" crap="1" count="1"/>
        <line num="38" type="stmt" count="1"/>
        <line num="39" type="stmt" count="1"/>
        <line num="40" type="stmt" count="1"/>
        <line num="41" type="stmt" count="1"/>
        <line num="42" type="stmt" count="1"/>
        <line num="43" type="stmt" count="1"/>
        <line num="46" type="stmt" count="1"/>
        <line num="48" type="stmt" count="1"/>
        <line num="49" type="stmt" count="1"/>
        <line num="51" type="stmt" count="1"/>
        <line num="52" type="stmt" count="1"/>
        <line num="59" type="method" name="createPHPErrorHandler" visibility="private" complexity="2" crap="2.01" count="3"/>
        <line num="62" type="stmt" count="1"/>
        <line num="63" type="stmt" count="0"/>
        <line num="67" type="stmt" count="1"/>
        <line num="68" type="stmt" count="1"/>
        <line num="69" type="stmt" count="1"/>
        <line num="71" type="stmt" count="1"/>
        <line num="72" type="stmt" count="1"/>
        <line num="73" type="stmt" count="3"/>
        <line num="79" type="method" name="createPHPExceptionHandler" visibility="private" complexity="1" crap="1" count="3"/>
        <line num="83" type="stmt" count="1"/>
        <line num="84" type="stmt" count="1"/>
        <line num="85" type="stmt" count="1"/>
        <line num="86" type="stmt" count="1"/>
        <line num="87" type="stmt" count="1"/>
        <line num="90" type="stmt" count="1"/>
        <line num="91" type="stmt" count="3"/>
        <metrics loc="93" ncloc="80" classes="1" methods="4" coveredmethods="3" conditionals="0" coveredconditionals="0" statements="30" coveredstatements="29" elements="34" coveredelements="32"/>
      </file>
      <file name="/var/www/src/Infrastructure/ErrorHandling/ErrorHandlingServiceProvider.php">
        <class name="SiteApi\Infrastructure\ErrorHandling\ErrorHandlingServiceProvider" namespace="SiteApi\Infrastructure\ErrorHandling">
          <metrics complexity="1" methods="0" coveredmethods="0" conditionals="0" coveredconditionals="0" statements="0" coveredstatements="0" elements="0" coveredelements="0"/>
        </class>
        <metrics loc="34" ncloc="26" classes="0" methods="0" coveredmethods="0" conditionals="0" coveredconditionals="0" statements="0" coveredstatements="0" elements="0" coveredelements="0"/>
      </file>
    </package>
    <package name="SiteApi\Infrastructure\Http">
      <file name="/var/www/src/Infrastructure/Http/ContentController.php">
        <class name="SiteApi\Infrastructure\Http\ContentController" namespace="SiteApi\Infrastructure\Http">
          <metrics complexity="7" methods="5" coveredmethods="4" conditionals="0" coveredconditionals="0" statements="16" coveredstatements="4" elements="21" coveredelements="8"/>
        </class>
        <line num="15" type="method" name="list" visibility="public" complexity="1" crap="1" count="1"/>
        <line num="17" type="stmt" count="1"/>
        <line num="20" type="method" name="get" visibility="public" complexity="1" crap="1" count="1"/>
        <line num="22" type="stmt" count="1"/>
        <line num="33" type="method" name="create" visibility="public" complexity="3" crap="12.00" count="0"/>
        <line num="35" type="stmt" count="0"/>
        <line num="39" type="stmt" count="0"/>
        <line num="41" type="stmt" count="0"/>
        <line num="42" type="stmt" count="0"/>
        <line num="43" type="stmt" count="0"/>
        <line num="44" type="stmt" count="0"/>
        <line num="45" type="stmt" count="0"/>
        <line num="47" type="stmt" count="0"/>
        <line num="49" type="stmt" count="0"/>
        <line num="50" type="stmt" count="0"/>
        <line num="51" type="stmt" count="0"/>
        <line num="56" type="stmt" count="0"/>
        <line num="59" type="method" name="edit" visibility="public" complexity="1" crap="1" count="1"/>
        <line num="61" type="stmt" count="1"/>
        <line num="64" type="method" name="delete" visibility="public" complexity="1" crap="1" count="1"/>
        <line num="66" type="stmt" count="1"/>
        <metrics loc="68" ncloc="56" classes="1" methods="5" coveredmethods="4" conditionals="0" coveredconditionals="0" statements="16" coveredstatements="4" elements="21" coveredelements="8"/>
      </file>
      <file name="/var/www/src/Infrastructure/Http/HttpController.php">
        <class name="SiteApi\Infrastructure\Http\HttpController" namespace="SiteApi\Infrastructure\Http">
          <metrics complexity="3" methods="3" coveredmethods="3" conditionals="0" coveredconditionals="0" statements="6" coveredstatements="6" elements="9" coveredelements="9"/>
        </class>
        <line num="21" type="method" name="__construct" visibility="public" complexity="1" crap="1" count="6"/>
        <line num="23" type="stmt" count="6"/>
        <line num="24" type="stmt" count="6"/>
        <line num="25" type="stmt" count="6"/>
        <line num="33" type="method" name="html" visibility="public" complexity="1" crap="1" count="5"/>
        <line num="35" type="stmt" count="5"/>
        <line num="37" type="stmt" count="5"/>
        <line num="45" type="method" name="getContainerEntry" visibility="public" complexity="1" crap="1" count="1"/>
        <line num="47" type="stmt" count="1"/>
        <metrics loc="49" ncloc="33" classes="1" methods="3" coveredmethods="3" conditionals="0" coveredconditionals="0" statements="6" coveredstatements="6" elements="9" coveredelements="9"/>
      </file>
    </package>
    <package name="SiteApi\Infrastructure\Logging">
      <file name="/var/www/src/Infrastructure/Logging/LogMessageTagProcessor.php">
        <class name="SiteApi\Infrastructure\Logging\LogMessageTagProcessor" namespace="SiteApi\Infrastructure\Logging">
          <metrics complexity="2" methods="2" coveredmethods="2" conditionals="0" coveredconditionals="0" statements="4" coveredstatements="4" elements="6" coveredelements="6"/>
        </class>
        <line num="16" type="method" name="__invoke" visibility="public" complexity="1" crap="1" count="3"/>
        <line num="18" type="stmt" count="3"/>
        <line num="20" type="stmt" count="3"/>
        <line num="29" type="method" name="addTag" visibility="public" complexity="1" crap="1" count="2"/>
        <line num="31" type="stmt" count="2"/>
        <line num="32" type="stmt" count="2"/>
        <metrics loc="33" ncloc="21" classes="1" methods="2" coveredmethods="2" conditionals="0" coveredconditionals="0" statements="4" coveredstatements="4" elements="6" coveredelements="6"/>
      </file>
      <file name="/var/www/src/Infrastructure/Logging/LoggerFactory.php">
        <class name="SiteApi\Infrastructure\Logging\LoggerFactory" namespace="SiteApi\Infrastructure\Logging">
          <metrics complexity="4" methods="4" coveredmethods="4" conditionals="0" coveredconditionals="0" statements="31" coveredstatements="31" elements="35" coveredelements="35"/>
        </class>
        <line num="23" type="method" name="__construct" visibility="public" complexity="1" crap="1" count="2"/>
        <line num="25" type="stmt" count="2"/>
        <line num="26" type="stmt" count="2"/>
        <line num="35" type="method" name="createBasicFileLogger" visibility="public" complexity="1" crap="1" count="1"/>
        <line num="37" type="stmt" count="1"/>
        <line num="39" type="stmt" count="1"/>
        <line num="40" type="stmt" count="1"/>
        <line num="41" type="stmt" count="1"/>
        <line num="42" type="stmt" count="1"/>
        <line num="43" type="stmt" count="1"/>
        <line num="46" type="stmt" count="1"/>
        <line num="47" type="stmt" count="1"/>
        <line num="49" type="stmt" count="1"/>
        <line num="50" type="stmt" count="1"/>
        <line num="52" type="stmt" count="1"/>
        <line num="53" type="stmt" count="1"/>
        <line num="54" type="stmt" count="1"/>
        <line num="56" type="stmt" count="1"/>
        <line num="67" type="method" name="createPaperTrailAppLogger" visibility="public" complexity="1" crap="1" count="1"/>
        <line num="69" type="stmt" count="1"/>
        <line num="71" type="stmt" count="1"/>
        <line num="73" type="stmt" count="1"/>
        <line num="74" type="stmt" count="1"/>
        <line num="75" type="stmt" count="1"/>
        <line num="76" type="stmt" count="1"/>
        <line num="77" type="stmt" count="1"/>
        <line num="79" type="stmt" count="1"/>
        <line num="81" type="stmt" count="1"/>
        <line num="82" type="stmt" count="1"/>
        <line num="83" type="stmt" count="1"/>
        <line num="85" type="stmt" count="1"/>
        <line num="93" type="method" name="determineLogLevel" visibility="private" complexity="1" crap="1" count="2"/>
        <line num="95" type="stmt" count="2"/>
        <line num="96" type="stmt" count="2"/>
        <line num="98" type="stmt" count="2"/>
        <metrics loc="100" ncloc="76" classes="1" methods="4" coveredmethods="4" conditionals="0" coveredconditionals="0" statements="31" coveredstatements="31" elements="35" coveredelements="35"/>
      </file>
      <file name="/var/www/src/Infrastructure/Logging/LoggingServiceProvider.php">
        <class name="SiteApi\Infrastructure\Logging\LoggingServiceProvider" namespace="SiteApi\Infrastructure\Logging">
          <metrics complexity="2" methods="0" coveredmethods="0" conditionals="0" coveredconditionals="0" statements="0" coveredstatements="0" elements="0" coveredelements="0"/>
        </class>
        <metrics loc="50" ncloc="42" classes="0" methods="0" coveredmethods="0" conditionals="0" coveredconditionals="0" statements="0" coveredstatements="0" elements="0" coveredelements="0"/>
      </file>
    </package>
    <package name="SiteApi\Infrastructure\Middleware">
      <file name="/var/www/src/Infrastructure/Middleware/JsonBodyParserMiddleware.php">
        <class name="SiteApi\Infrastructure\Middleware\JsonBodyParserMiddleware" namespace="SiteApi\Infrastructure\Middleware">
          <metrics complexity="4" methods="2" coveredmethods="2" conditionals="0" coveredconditionals="0" statements="8" coveredstatements="8" elements="10" coveredelements="10"/>
        </class>
        <line num="19" type="method" name="__construct" visibility="public" complexity="1" crap="1" count="3"/>
        <line num="21" type="stmt" count="3"/>
        <line num="22" type="stmt" count="3"/>
        <line num="30" type="method" name="process" visibility="public" complexity="3" crap="3" count="3"/>
        <line num="32" type="stmt" count="3"/>
        <line num="34" type="stmt" count="3"/>
        <line num="35" type="stmt" count="1"/>
        <line num="36" type="stmt" count="1"/>
        <line num="37" type="stmt" count="1"/>
        <line num="41" type="stmt" count="3"/>
        <metrics loc="43" ncloc="33" classes="1" methods="2" coveredmethods="2" conditionals="0" coveredconditionals="0" statements="8" coveredstatements="8" elements="10" coveredelements="10"/>
      </file>
      <file name="/var/www/src/Infrastructure/Middleware/JsonValidationMiddleware.php">
        <class name="SiteApi\Infrastructure\Middleware\JsonValidationMiddleware" namespace="SiteApi\Infrastructure\Middleware">
          <metrics complexity="11" methods="3" coveredmethods="3" conditionals="0" coveredconditionals="0" statements="34" coveredstatements="34" elements="37" coveredelements="37"/>
        </class>
        <line num="32" type="method" name="__construct" visibility="public" complexity="1" crap="1" count="7"/>
        <line num="34" type="stmt" count="7"/>
        <line num="35" type="stmt" count="7"/>
        <line num="36" type="stmt" count="7"/>
        <line num="44" type="method" name="__invoke" visibility="public" complexity="5" crap="5" count="7"/>
        <line num="46" type="stmt" count="7"/>
        <line num="47" type="stmt" count="7"/>
        <line num="48" type="stmt" count="1"/>
        <line num="51" type="stmt" count="6"/>
        <line num="52" type="stmt" count="1"/>
        <line num="53" type="stmt" count="1"/>
        <line num="54" type="stmt" count="1"/>
        <line num="55" type="stmt" count="1"/>
        <line num="56" type="stmt" count="1"/>
        <line num="59" type="stmt" count="1"/>
        <line num="60" type="stmt" count="1"/>
        <line num="62" type="stmt" count="1"/>
        <line num="65" type="stmt" count="1"/>
        <line num="73" type="method" name="validateRequest" visibility="private" complexity="5" crap="5" count="6"/>
        <line num="76" type="stmt" count="6"/>
        <line num="78" type="stmt" count="6"/>
        <line num="79" type="stmt" count="1"/>
        <line num="82" type="stmt" count="5"/>
        <line num="84" type="stmt" count="5"/>
        <line num="85" type="stmt" count="1"/>
        <line num="88" type="stmt" count="4"/>
        <line num="90" type="stmt" count="4"/>
        <line num="91" type="stmt" count="1"/>
        <line num="94" type="stmt" count="3"/>
        <line num="96" type="stmt" count="3"/>
        <line num="97" type="stmt" count="1"/>
        <line num="100" type="stmt" count="2"/>
        <line num="101" type="stmt" count="2"/>
        <line num="102" type="stmt" count="2"/>
        <line num="103" type="stmt" count="2"/>
        <line num="104" type="stmt" count="2"/>
        <line num="107" type="stmt" count="2"/>
        <metrics loc="109" ncloc="90" classes="1" methods="3" coveredmethods="3" conditionals="0" coveredconditionals="0" statements="34" coveredstatements="34" elements="37" coveredelements="37"/>
      </file>
      <file name="/var/www/src/Infrastructure/Middleware/MiddlewareServiceProvider.php">
        <class name="SiteApi\Infrastructure\Middleware\MiddlewareServiceProvider" namespace="SiteApi\Infrastructure\Middleware">
          <metrics complexity="1" methods="0" coveredmethods="0" conditionals="0" coveredconditionals="0" statements="0" coveredstatements="0" elements="0" coveredelements="0"/>
        </class>
        <metrics loc="41" ncloc="33" classes="0" methods="0" coveredmethods="0" conditionals="0" coveredconditionals="0" statements="0" coveredstatements="0" elements="0" coveredelements="0"/>
      </file>
    </package>
    <package name="SiteApi\Infrastructure\Pdo">
      <file name="/var/www/src/Infrastructure/Pdo/PdoConnectionFactory.php">
        <class name="SiteApi\Infrastructure\Pdo\PdoConnectionFactory" namespace="SiteApi\Infrastructure\Pdo">
          <metrics complexity="7" methods="4" coveredmethods="3" conditionals="0" coveredconditionals="0" statements="16" coveredstatements="15" elements="20" coveredelements="18"/>
        </class>
        <line num="22" type="method" name="__construct" visibility="public" complexity="1" crap="1" count="3"/>
        <line num="24" type="stmt" count="3"/>
        <line num="25" type="stmt" count="3"/>
        <line num="33" type="method" name="createConnectionBySource" visibility="public" complexity="2" crap="2" count="3"/>
        <line num="35" type="stmt" count="3"/>
        <line num="36" type="stmt" count="1"/>
        <line num="39" type="stmt" count="2"/>
        <line num="48" type="method" name="createConnection" visibility="private" complexity="2" crap="2" count="2"/>
        <line num="51" type="stmt" count="2"/>
        <line num="52" type="stmt" count="2"/>
        <line num="53" type="stmt" count="2"/>
        <line num="54" type="stmt" count="2"/>
        <line num="55" type="stmt" count="2"/>
        <line num="57" type="stmt" count="1"/>
        <line num="58" type="stmt" count="1"/>
        <line num="67" type="method" name="getConnectionOptions" visibility="private" complexity="2" crap="2.06" count="2"/>
        <line num="70" type="stmt" count="2"/>
        <line num="76" type="stmt" count="2"/>
        <line num="77" type="stmt" count="0"/>
        <line num="80" type="stmt" count="2"/>
        <metrics loc="82" ncloc="60" classes="1" methods="4" coveredmethods="3" conditionals="0" coveredconditionals="0" statements="16" coveredstatements="15" elements="20" coveredelements="18"/>
      </file>
      <file name="/var/www/src/Infrastructure/Pdo/PdoCredentialException.php">
        <class name="SiteApi\Infrastructure\Pdo\PdoCredentialException" namespace="SiteApi\Infrastructure\Pdo">
          <metrics complexity="1" methods="1" coveredmethods="1" conditionals="0" coveredconditionals="0" statements="1" coveredstatements="1" elements="2" coveredelements="2"/>
        </class>
        <line num="18" type="method" name="causedBy" visibility="public" complexity="1" crap="1" count="2"/>
        <line num="20" type="stmt" count="2"/>
        <metrics loc="22" ncloc="15" classes="1" methods="1" coveredmethods="1" conditionals="0" coveredconditionals="0" statements="1" coveredstatements="1" elements="2" coveredelements="2"/>
      </file>
      <file name="/var/www/src/Infrastructure/Pdo/PdoCredentials.php">
        <class name="SiteApi\Infrastructure\Pdo\PdoCredentials" namespace="SiteApi\Infrastructure\Pdo">
          <metrics complexity="6" methods="6" coveredmethods="6" conditionals="0" coveredconditionals="0" statements="13" coveredstatements="13" elements="19" coveredelements="19"/>
        </class>
        <line num="26" type="method" name="__construct" visibility="public" complexity="1" crap="1" count="3"/>
        <line num="28" type="stmt" count="3"/>
        <line num="29" type="stmt" count="3"/>
        <line num="30" type="stmt" count="3"/>
        <line num="31" type="stmt" count="3"/>
        <line num="32" type="stmt" count="3"/>
        <line num="37" type="method" name="getDns" visibility="public" complexity="1" crap="1" count="2"/>
        <line num="39" type="stmt" count="2"/>
        <line num="45" type="method" name="getUsername" visibility="public" complexity="1" crap="1" count="2"/>
        <line num="47" type="stmt" count="2"/>
        <line num="53" type="method" name="getPassword" visibility="public" complexity="1" crap="1" count="2"/>
        <line num="55" type="stmt" count="2"/>
        <line num="61" type="method" name="getCaFile" visibility="public" complexity="1" crap="1" count="2"/>
        <line num="63" type="stmt" count="2"/>
        <line num="69" type="method" name="__debugInfo" visibility="public" complexity="1" crap="1" count="1"/>
        <line num="72" type="stmt" count="1"/>
        <line num="73" type="stmt" count="1"/>
        <line num="74" type="stmt" count="1"/>
        <line num="75" type="stmt" count="1"/>
        <metrics loc="78" ncloc="53" classes="1" methods="6" coveredmethods="6" conditionals="0" coveredconditionals="0" statements="13" coveredstatements="13" elements="19" coveredelements="19"/>
      </file>
      <file name="/var/www/src/Infrastructure/Pdo/PdoCredentialsManager.php">
        <class name="SiteApi\Infrastructure\Pdo\PdoCredentialsManager" namespace="SiteApi\Infrastructure\Pdo">
          <metrics complexity="5" methods="3" coveredmethods="3" conditionals="0" coveredconditionals="0" statements="8" coveredstatements="8" elements="11" coveredelements="11"/>
        </class>
        <line num="17" type="method" name="getCredentials" visibility="public" complexity="2" crap="2" count="2"/>
        <line num="19" type="stmt" count="2"/>
        <line num="20" type="stmt" count="1"/>
        <line num="23" type="stmt" count="1"/>
        <line num="33" type="method" name="addCredentials" visibility="public" complexity="2" crap="2" count="3"/>
        <line num="35" type="stmt" count="3"/>
        <line num="36" type="stmt" count="1"/>
        <line num="39" type="stmt" count="3"/>
        <line num="41" type="stmt" count="3"/>
        <line num="49" type="method" name="hasCredentials" visibility="public" complexity="1" crap="1" count="1"/>
        <line num="51" type="stmt" count="1"/>
        <metrics loc="53" ncloc="34" classes="1" methods="3" coveredmethods="3" conditionals="0" coveredconditionals="0" statements="8" coveredstatements="8" elements="11" coveredelements="11"/>
      </file>
      <file name="/var/www/src/Infrastructure/Pdo/PdoServiceProvider.php">
        <class name="SiteApi\Infrastructure\Pdo\PdoServiceProvider" namespace="SiteApi\Infrastructure\Pdo">
          <metrics complexity="1" methods="0" coveredmethods="0" conditionals="0" coveredconditionals="0" statements="0" coveredstatements="0" elements="0" coveredelements="0"/>
        </class>
        <metrics loc="45" ncloc="37" classes="0" methods="0" coveredmethods="0" conditionals="0" coveredconditionals="0" statements="0" coveredstatements="0" elements="0" coveredelements="0"/>
      </file>
    </package>
    <metrics files="38" loc="1836" ncloc="1378" classes="22" methods="73" coveredmethods="67" conditionals="0" coveredconditionals="0" statements="260" coveredstatements="239" elements="333" coveredelements="306"/>
  </project>
</coverage>
